<?xml version="1.0" encoding="UTF-8"?>
<!-- Generated by org.testng.reporters.JUnitXMLReporter -->
<testsuite hostname="DESKTOP-KU75J3L" ignored="0" name="TheLuxepass_app_test_cases" tests="33" failures="0" timestamp="2020-04-01T19:56:09 IST" time="600.913" errors="0">
  <testcase name="homepageTitletest" time="0.768" classname="com.luxepass.qa.tests.HomePageflowtest"/>
  <testcase name="howitworkstest" time="1.705" classname="com.luxepass.qa.tests.HomePageflowtest"/>
  <testcase name="browsehoteltest" time="1.71" classname="com.luxepass.qa.tests.HomePageflowtest"/>
  <testcase name="myOrderstest" time="1.728" classname="com.luxepass.qa.tests.HomePageflowtest"/>
  <testcase name="myprofileicontest" time="1.569" classname="com.luxepass.qa.tests.HomePageflowtest"/>
  <testcase name="myaccounttest" time="1.929" classname="com.luxepass.qa.tests.HomePageflowtest"/>
  <testcase name="poolfiltertest" time="1.656" classname="com.luxepass.qa.tests.HomePageflowtest"/>
  <testcase name="gymfiltertest" time="2.644" classname="com.luxepass.qa.tests.HomePageflowtest"/>
  <testcase name="spasalonfiltertest" time="1.997" classname="com.luxepass.qa.tests.HomePageflowtest"/>
  <testcase name="addtofavoritestest" time="20.162" classname="com.luxepass.qa.tests.HomePageflowtest"/>
  <testcase name="browsemorehoteltest" time="1.826" classname="com.luxepass.qa.tests.HomePageflowtest"/>
  <testcase name="browsemorehowitworkstest" time="1.709" classname="com.luxepass.qa.tests.HomePageflowtest"/>
  <testcase name="sendsmsapplinktest" time="2.317" classname="com.luxepass.qa.tests.HomePageflowtest"/>
  <testcase name="sendemailpplinktest" time="0.35" classname="com.luxepass.qa.tests.HomePageflowtest"/>
  <testcase name="playstoredownloadtest" time="4.404" classname="com.luxepass.qa.tests.HomePageflowtest"/>
  <testcase name="appstoredownloadtest" time="4.593" classname="com.luxepass.qa.tests.HomePageflowtest"/>
  <testcase name="sendsubscribeemailtest" time="0.346" classname="com.luxepass.qa.tests.HomePageflowtest"/>
  <testcase name="navigatefooterFAQtest" time="2.072" classname="com.luxepass.qa.tests.HomePageflowtest"/>
  <testcase name="navigatefooterTandctest" time="3.108" classname="com.luxepass.qa.tests.HomePageflowtest"/>
  <testcase name="navigatefooterPrivacypolicytest" time="2.664" classname="com.luxepass.qa.tests.HomePageflowtest"/>
  <testcase name="navigatefooterContactustest" time="1.702" classname="com.luxepass.qa.tests.HomePageflowtest"/>
  <testcase name="navigatefooterPartnerwithustest" time="1.723" classname="com.luxepass.qa.tests.HomePageflowtest"/>
  <testcase name="navigateInstasocialpagetest" time="1.751" classname="com.luxepass.qa.tests.HomePageflowtest"/>
  <testcase name="navigateFBsocialpagetest" time="2.793" classname="com.luxepass.qa.tests.HomePageflowtest"/>
  <testcase name="myprofilelabeltest" time="0.106" classname="com.luxepass.qa.tests.MyProfilepageflowtest"/>
  <testcase name="Hotellistinglabeltest" time="0.045" classname="com.luxepass.qa.tests.Hotellistingpageflowtest"/>
  <testcase name="Myorderslabeltest" time="0.053" classname="com.luxepass.qa.tests.Myorderspageflowtest"/>
  <testcase name="Howitworkslabeltest" time="0.059" classname="com.luxepass.qa.tests.Howitworksflowtest"/>
  <testcase name="contactUslabeltest" time="0.086" classname="com.luxepass.qa.tests.ContactUspageflowtest"/>
  <testcase name="verifyFAQlabeltest" time="0.051" classname="com.luxepass.qa.tests.FAQpageflowtest"/>
  <testcase name="partnerwithUSlabeltest" time="0.067" classname="com.luxepass.qa.tests.PartnerwithUSpageflowtest"/>
  <testcase name="Privacypolicylabeltest" time="0.059" classname="com.luxepass.qa.tests.PrivacypolicyPageflowtest"/>
  <testcase name="TandClabeltest" time="0.057" classname="com.luxepass.qa.tests.TandCpageflowtest"/>
</testsuite> <!-- TheLuxepass_app_test_cases -->
