<?xml version="1.0" encoding="UTF-8"?>
<!-- Generated by org.testng.reporters.JUnitXMLReporter -->
<testsuite hostname="DESKTOP-KU75J3L" ignored="0" name="TheLuxepass_app_test_cases" tests="33" failures="0" timestamp="2020-04-01T20:50:03 IST" time="702.641" errors="0">
  <testcase name="homepageTitletest" time="0.017" classname="com.luxepass.qa.tests.HomePageflowtest"/>
  <testcase name="howitworkstest" time="1.706" classname="com.luxepass.qa.tests.HomePageflowtest"/>
  <testcase name="browsehoteltest" time="2.552" classname="com.luxepass.qa.tests.HomePageflowtest"/>
  <testcase name="myOrderstest" time="3.053" classname="com.luxepass.qa.tests.HomePageflowtest"/>
  <testcase name="myprofileicontest" time="9.958" classname="com.luxepass.qa.tests.HomePageflowtest"/>
  <testcase name="myaccounttest" time="1.921" classname="com.luxepass.qa.tests.HomePageflowtest"/>
  <testcase name="poolfiltertest" time="7.203" classname="com.luxepass.qa.tests.HomePageflowtest"/>
  <testcase name="gymfiltertest" time="1.738" classname="com.luxepass.qa.tests.HomePageflowtest"/>
  <testcase name="spasalonfiltertest" time="6.428" classname="com.luxepass.qa.tests.HomePageflowtest"/>
  <testcase name="addtofavoritestest" time="24.527" classname="com.luxepass.qa.tests.HomePageflowtest"/>
  <testcase name="browsemorehoteltest" time="6.846" classname="com.luxepass.qa.tests.HomePageflowtest"/>
  <testcase name="browsemorehowitworkstest" time="1.734" classname="com.luxepass.qa.tests.HomePageflowtest"/>
  <testcase name="sendsmsapplinktest" time="2.224" classname="com.luxepass.qa.tests.HomePageflowtest"/>
  <testcase name="sendemailpplinktest" time="2.251" classname="com.luxepass.qa.tests.HomePageflowtest"/>
  <testcase name="playstoredownloadtest" time="4.194" classname="com.luxepass.qa.tests.HomePageflowtest"/>
  <testcase name="appstoredownloadtest" time="6.001" classname="com.luxepass.qa.tests.HomePageflowtest"/>
  <testcase name="sendsubscribeemailtest" time="3.011" classname="com.luxepass.qa.tests.HomePageflowtest"/>
  <testcase name="navigatefooterFAQtest" time="13.762" classname="com.luxepass.qa.tests.HomePageflowtest"/>
  <testcase name="navigatefooterTandctest" time="5.664" classname="com.luxepass.qa.tests.HomePageflowtest"/>
  <testcase name="navigatefooterPrivacypolicytest" time="1.707" classname="com.luxepass.qa.tests.HomePageflowtest"/>
  <testcase name="navigatefooterContactustest" time="1.688" classname="com.luxepass.qa.tests.HomePageflowtest"/>
  <testcase name="navigatefooterPartnerwithustest" time="3.42" classname="com.luxepass.qa.tests.HomePageflowtest"/>
  <testcase name="navigateInstasocialpagetest" time="7.34" classname="com.luxepass.qa.tests.HomePageflowtest"/>
  <testcase name="navigateFBsocialpagetest" time="1.97" classname="com.luxepass.qa.tests.HomePageflowtest"/>
  <testcase name="myprofilelabeltest" time="0.06" classname="com.luxepass.qa.tests.MyProfilepageflowtest"/>
  <testcase name="Hotellistinglabeltest" time="0.044" classname="com.luxepass.qa.tests.Hotellistingpageflowtest"/>
  <testcase name="Myorderslabeltest" time="0.056" classname="com.luxepass.qa.tests.Myorderspageflowtest"/>
  <testcase name="Howitworkslabeltest" time="0.05" classname="com.luxepass.qa.tests.Howitworksflowtest"/>
  <testcase name="contactUslabeltest" time="0.065" classname="com.luxepass.qa.tests.ContactUspageflowtest"/>
  <testcase name="verifyFAQlabeltest" time="0.054" classname="com.luxepass.qa.tests.FAQpageflowtest"/>
  <testcase name="partnerwithUSlabeltest" time="0.08" classname="com.luxepass.qa.tests.PartnerwithUSpageflowtest"/>
  <testcase name="Privacypolicylabeltest" time="0.06" classname="com.luxepass.qa.tests.PrivacypolicyPageflowtest"/>
  <testcase name="TandClabeltest" time="0.05" classname="com.luxepass.qa.tests.TandCpageflowtest"/>
</testsuite> <!-- TheLuxepass_app_test_cases -->
