<?xml version="1.0" encoding="UTF-8"?>
<!-- Generated by org.testng.reporters.JUnitXMLReporter -->
<testsuite hostname="DESKTOP-KU75J3L" ignored="0" name="Default test" tests="5" failures="0" timestamp="2020-03-19T18:36:51 IST" time="98.668" errors="0">
  <testcase name="signuppageclickcrossicon_onsignup" time="2.664" classname="com.luxepass.qa.tests.Signuppageflowtest"/>
  <testcase name="signuppageclickcrossicon_onverifynonactiveemail" time="3.946" classname="com.luxepass.qa.tests.Signuppageflowtest"/>
  <testcase name="signuppageclickcrossicon_onverifyaccount" time="16.862" classname="com.luxepass.qa.tests.Signuppageflowtest"/>
  <testcase name="signuppageclicktandclink" time="3.123" classname="com.luxepass.qa.tests.Signuppageflowtest"/>
  <testcase name="signuppageclickcrossicon_onlogin" time="1.424" classname="com.luxepass.qa.tests.Signuppageflowtest"/>
</testsuite> <!-- Default test -->
