<?xml version="1.0" encoding="UTF-8"?>
<!-- Generated by org.testng.reporters.JUnitXMLReporter -->
<testsuite hostname="DESKTOP-KU75J3L" ignored="0" name="Default test" tests="3" failures="0" timestamp="2020-04-01T13:53:03 IST" time="95.367" errors="0">
  <testcase name="browsehoteltest" time="1.94" classname="com.luxepass.qa.tests.HomePageflowtest"/>
  <testcase name="navigatefooterFAQtest" time="1.695" classname="com.luxepass.qa.tests.HomePageflowtest"/>
  <testcase name="navigatefooterContactustest" time="1.669" classname="com.luxepass.qa.tests.HomePageflowtest"/>
</testsuite> <!-- Default test -->
