<?xml version="1.0" encoding="UTF-8"?>
<testng-results skipped="0" failed="0" ignored="0" total="1" passed="1">
  <reporter-output>
  </reporter-output>
  <suite name="Default suite" duration-ms="21541" started-at="2020-03-21T21:50:00 IST" finished-at="2020-03-21T21:50:21 IST">
    <groups>
    </groups>
    <test name="Default test" duration-ms="21541" started-at="2020-03-21T21:50:00 IST" finished-at="2020-03-21T21:50:21 IST">
      <class name="com.luxepass.qa.tests.Howitworksflowtest">
        <test-method status="PASS" signature="setUp()[pri:0, instance:com.luxepass.qa.tests.Howitworksflowtest@a7e666]" name="setUp" is-config="true" duration-ms="20189" started-at="2020-03-21T21:50:00 IST" finished-at="2020-03-21T21:50:20 IST">
          <reporter-output>
          </reporter-output>
        </test-method> <!-- setUp -->
        <test-method status="PASS" signature="Howitworkslabeltest()[pri:1, instance:com.luxepass.qa.tests.Howitworksflowtest@a7e666]" name="Howitworkslabeltest" duration-ms="175" started-at="2020-03-21T21:50:20 IST" finished-at="2020-03-21T21:50:20 IST">
          <reporter-output>
          </reporter-output>
        </test-method> <!-- Howitworkslabeltest -->
        <test-method status="PASS" signature="teardown()[pri:0, instance:com.luxepass.qa.tests.Howitworksflowtest@a7e666]" name="teardown" is-config="true" duration-ms="1122" started-at="2020-03-21T21:50:20 IST" finished-at="2020-03-21T21:50:21 IST">
          <reporter-output>
          </reporter-output>
        </test-method> <!-- teardown -->
      </class> <!-- com.luxepass.qa.tests.Howitworksflowtest -->
    </test> <!-- Default test -->
  </suite> <!-- Default suite -->
</testng-results>
